<?xml version="1.0" encoding="UTF-8"?>
<testsuite name="com.adventure.MT3" tests="10" skipped="0" failures="0" errors="0" timestamp="2022-08-24T15:07:17" hostname="SAMSUTTMAN-PC" time="3.993">
  <properties/>
  <testcase name="testPlayerMovementInvalid()" classname="com.adventure.MT3" time="0.159"/>
  <testcase name="testPlayerMovementEast()" classname="com.adventure.MT3" time="0.01"/>
  <testcase name="testPlayerMovementWest()" classname="com.adventure.MT3" time="0.008"/>
  <testcase name="testInvalidMoveInput()" classname="com.adventure.MT3" time="3.613"/>
  <testcase name="testPrompt2()" classname="com.adventure.MT3" time="0.007"/>
  <testcase name="checkMoveInputEast()" classname="com.adventure.MT3" time="0.011"/>
  <testcase name="checkMoveInputWest()" classname="com.adventure.MT3" time="0.029"/>
  <testcase name="testUseInput()" classname="com.adventure.MT3" time="0.089"/>
  <testcase name="checkSimpleInput()" classname="com.adventure.MT3" time="0.007"/>
  <testcase name="testPrompt()" classname="com.adventure.MT3" time="0.011"/>
  <system-out><![CDATA[]]></system-out>
  <system-err><![CDATA[]]></system-err>
</testsuite>
